<?xml version="1.0" encoding="UTF-8"?>
<testsuite name="Agregar un nuevo computador" tests="3" skipped="0" failures="0" errors="0" timestamp="2022-02-15T13:46:19" hostname="JAVIERDURAN" time="36.745">
  <properties/>
  <testcase name="Diligenciamiento del formulario con valores erroneos" classname="Agregar un nuevo computador" time="14.169"/>
  <testcase name="Diligenciamiento del formulario con valores erroneos" classname="Agregar un nuevo computador" time="11.661"/>
  <testcase name="Diligenciamiento del formulario con valores erroneos" classname="Agregar un nuevo computador" time="10.888"/>
  <system-out><![CDATA[]]></system-out>
  <system-err><![CDATA[[Test worker] WARN net.thucydides.core.steps.BaseStepListener - stepStarted: net.thucydides.core.steps.ExecutedStepDescription@7b41a4c7
[Test worker] INFO net.thucydides.core.steps.ConsoleLoggingListener - STARTING STEP Dado que el usuario ingresa a la pagina para agregar un pc
[Test worker] WARN net.thucydides.core.steps.BaseStepListener - stepStarted: net.thucydides.core.steps.ExecutedStepDescription@555a78d0
[Test worker] INFO net.thucydides.core.steps.ConsoleLoggingListener - STARTING STEP Abrir url
feb 15, 2022 8:46:20 AM org.openqa.selenium.remote.DesiredCapabilities chrome
INFORMACIÓN: Using `new ChromeOptions()` is preferred to `DesiredCapabilities.chrome()`
[Test worker] INFO net.serenitybdd.core.webdriver.driverproviders.ProvideNewDriver - Instantiating driver
[Test worker] INFO net.serenitybdd.core.webdriver.driverproviders.ProvideNewDriver - Driver capabilities: Capabilities {acceptInsecureCerts: false, browserName: chrome, chrome.switches: --lang=es,, goog:chromeOptions: {args: [--lang=es], extensions: []}, loggingPrefs: org.openqa.selenium.logging..., platform: ANY, version: }
Starting ChromeDriver 97.0.4692.71 (adefa7837d02a07a604c1e6eff0b3a09422ab88d-refs/branch-heads/4692@{#1247}) on port 16638
Only local connections are allowed.
Please see https://chromedriver.chromium.org/security-considerations for suggestions on keeping ChromeDriver safe.
ChromeDriver was started successfully.
[1644932783.791][WARNING]: This version of ChromeDriver has not been tested with Chrome version 98.
feb 15, 2022 8:46:23 AM org.openqa.selenium.remote.ProtocolHandshake createSession
INFORMACIÓN: Detected dialect: W3C
[Test worker] WARN net.thucydides.core.steps.BaseStepListener - stepFinished: current outcome:Diligenciamiento del formulario con valores erroneos:Example: {computadorFallido="", ingresoFallido="2022-01-01", vencimientoFallido="2022-12-01", companiaFallido=5} [Dado que el usuario ingresa a la pagina para agregar un pc [Abrir url]]
[Test worker] INFO net.thucydides.core.steps.ConsoleLoggingListener - FINISHING STEP
[Test worker] WARN net.thucydides.core.steps.BaseStepListener - stepFinished: current outcome:Diligenciamiento del formulario con valores erroneos:Example: {computadorFallido="", ingresoFallido="2022-01-01", vencimientoFallido="2022-12-01", companiaFallido=5} [Dado que el usuario ingresa a la pagina para agregar un pc [Abrir url]]
[Test worker] INFO net.thucydides.core.steps.ConsoleLoggingListener - FINISHING STEP
[Test worker] WARN net.thucydides.core.steps.BaseStepListener - stepStarted: net.thucydides.core.steps.ExecutedStepDescription@1ae97e6c
[Test worker] INFO net.thucydides.core.steps.ConsoleLoggingListener - STARTING STEP Cuando diligencia el formulario ingresando campos erroneos "", "2022-01-01", "2022-12-01", 5"
[Test worker] WARN net.thucydides.core.steps.BaseStepListener - stepFinished: current outcome:Diligenciamiento del formulario con valores erroneos:Example: {computadorFallido="", ingresoFallido="2022-01-01", vencimientoFallido="2022-12-01", companiaFallido=5} [Dado que el usuario ingresa a la pagina para agregar un pc [Abrir url], Cuando diligencia el formulario ingresando campos erroneos "", "2022-01-01", "2022-12-01", 5"]
[Test worker] INFO net.thucydides.core.steps.ConsoleLoggingListener - FINISHING STEP
[Test worker] WARN net.thucydides.core.steps.BaseStepListener - stepStarted: net.thucydides.core.steps.ExecutedStepDescription@5b368b68
[Test worker] INFO net.thucydides.core.steps.ConsoleLoggingListener - STARTING STEP Entonces no permite registrar porque son valores erroneos
[Test worker] WARN net.thucydides.core.steps.BaseStepListener - stepFinished: current outcome:Diligenciamiento del formulario con valores erroneos:Example: {computadorFallido="", ingresoFallido="2022-01-01", vencimientoFallido="2022-12-01", companiaFallido=5} [Dado que el usuario ingresa a la pagina para agregar un pc [Abrir url], Cuando diligencia el formulario ingresando campos erroneos "", "2022-01-01", "2022-12-01", 5", Entonces no permite registrar porque son valores erroneos]
[Test worker] INFO net.thucydides.core.steps.ConsoleLoggingListener - FINISHING STEP
[Test worker] WARN net.thucydides.core.steps.BaseStepListener - stepFinished: current outcome:Diligenciamiento del formulario con valores erroneos:Example: {computadorFallido="", ingresoFallido="2022-01-01", vencimientoFallido="2022-12-01", companiaFallido=5} [Dado que el usuario ingresa a la pagina para agregar un pc [Abrir url], Cuando diligencia el formulario ingresando campos erroneos "", "2022-01-01", "2022-12-01", 5", Entonces no permite registrar porque son valores erroneos]
[Test worker] INFO net.thucydides.core.steps.ConsoleLoggingListener - FINISHING STEP
[Test worker] WARN net.thucydides.core.steps.BaseStepListener - testFinished: Diligenciamiento del formulario con valores erroneos:Example: {computadorFallido="", ingresoFallido="2022-01-01", vencimientoFallido="2022-12-01", companiaFallido=5} [Dado que el usuario ingresa a la pagina para agregar un pc [Abrir url], Cuando diligencia el formulario ingresando campos erroneos "", "2022-01-01", "2022-12-01", 5", Entonces no permite registrar porque son valores erroneos]
[Test worker] WARN net.thucydides.core.steps.BaseStepListener - TestOutcomes: [Diligenciamiento del formulario con valores erroneos:Example: {computadorFallido="", ingresoFallido="2022-01-01", vencimientoFallido="2022-12-01", companiaFallido=5} [Dado que el usuario ingresa a la pagina para agregar un pc [Abrir url], Cuando diligencia el formulario ingresando campos erroneos "", "2022-01-01", "2022-12-01", 5", Entonces no permite registrar porque son valores erroneos]]
[Test worker] WARN net.thucydides.core.steps.BaseStepListener - Final testOutcomes: [Diligenciamiento del formulario con valores erroneos:Example: {computadorFallido="", ingresoFallido="2022-01-01", vencimientoFallido="2022-12-01", companiaFallido=5} [Dado que el usuario ingresa a la pagina para agregar un pc [Abrir url], Cuando diligencia el formulario ingresando campos erroneos "", "2022-01-01", "2022-12-01", 5", Entonces no permite registrar porque son valores erroneos]]
[Test worker] INFO net.thucydides.core.steps.ConsoleLoggingListener - ?[92m
        __    _____ _____ ____ _____   ____   _    ____  ____  _____ ____  
  _     \ \  |_   _| ____/ ___|_   _| |  _ \ / \  / ___|/ ___|| ____|  _ \ 
 (_)_____| |   | | |  _| \___ \ | |   | |_) / _ \ \___ \\___ \|  _| | | | |
  _|_____| |   | | | |___ ___) || |   |  __/ ___ \ ___) |___) | |___| |_| |
 (_)     | |   |_| |_____|____/ |_|   |_| /_/   \_\____/|____/|_____|____/ 
        /_/                                                                

TEST PASSED: Diligenciamiento del formulario con valores erroneos
----------------------------------------------------------------------------?[0m
[Test worker] WARN net.thucydides.core.steps.BaseStepListener - stepStarted: net.thucydides.core.steps.ExecutedStepDescription@6210253f
[Test worker] INFO net.thucydides.core.steps.ConsoleLoggingListener - STARTING STEP Dado que el usuario ingresa a la pagina para agregar un pc
[Test worker] WARN net.thucydides.core.steps.BaseStepListener - stepStarted: net.thucydides.core.steps.ExecutedStepDescription@4f8aa85d
[Test worker] INFO net.thucydides.core.steps.ConsoleLoggingListener - STARTING STEP Abrir url
feb 15, 2022 8:46:34 AM org.openqa.selenium.remote.DesiredCapabilities chrome
INFORMACIÓN: Using `new ChromeOptions()` is preferred to `DesiredCapabilities.chrome()`
[Test worker] INFO net.serenitybdd.core.webdriver.driverproviders.ProvideNewDriver - Instantiating driver
[Test worker] INFO net.serenitybdd.core.webdriver.driverproviders.ProvideNewDriver - Driver capabilities: Capabilities {acceptInsecureCerts: false, browserName: chrome, chrome.switches: --lang=es,, goog:chromeOptions: {args: [--lang=es], extensions: []}, loggingPrefs: org.openqa.selenium.logging..., platform: ANY, version: }
Starting ChromeDriver 97.0.4692.71 (adefa7837d02a07a604c1e6eff0b3a09422ab88d-refs/branch-heads/4692@{#1247}) on port 31339
Only local connections are allowed.
Please see https://chromedriver.chromium.org/security-considerations for suggestions on keeping ChromeDriver safe.
ChromeDriver was started successfully.
[1644932796.014][WARNING]: This version of ChromeDriver has not been tested with Chrome version 98.
feb 15, 2022 8:46:36 AM org.openqa.selenium.remote.ProtocolHandshake createSession
INFORMACIÓN: Detected dialect: W3C
[Test worker] WARN net.thucydides.core.steps.BaseStepListener - stepFinished: current outcome:Diligenciamiento del formulario con valores erroneos:Example: {computadorFallido="", ingresoFallido="2022-01-01", vencimientoFallido="2022-12-01", companiaFallido=5} [Dado que el usuario ingresa a la pagina para agregar un pc [Abrir url], Cuando diligencia el formulario ingresando campos erroneos "", "2022-01-01", "2022-12-01", 5", Entonces no permite registrar porque son valores erroneos], Example: {computadorFallido="ddd", ingresoFallido="1993/02/01", vencimientoFallido="2022-12-01", companiaFallido=5} [Dado que el usuario ingresa a la pagina para agregar un pc [Abrir url]]
[Test worker] INFO net.thucydides.core.steps.ConsoleLoggingListener - FINISHING STEP
[Test worker] WARN net.thucydides.core.steps.BaseStepListener - stepFinished: current outcome:Diligenciamiento del formulario con valores erroneos:Example: {computadorFallido="", ingresoFallido="2022-01-01", vencimientoFallido="2022-12-01", companiaFallido=5} [Dado que el usuario ingresa a la pagina para agregar un pc [Abrir url], Cuando diligencia el formulario ingresando campos erroneos "", "2022-01-01", "2022-12-01", 5", Entonces no permite registrar porque son valores erroneos], Example: {computadorFallido="ddd", ingresoFallido="1993/02/01", vencimientoFallido="2022-12-01", companiaFallido=5} [Dado que el usuario ingresa a la pagina para agregar un pc [Abrir url]]
[Test worker] INFO net.thucydides.core.steps.ConsoleLoggingListener - FINISHING STEP
[Test worker] WARN net.thucydides.core.steps.BaseStepListener - stepStarted: net.thucydides.core.steps.ExecutedStepDescription@1040ebe0
[Test worker] INFO net.thucydides.core.steps.ConsoleLoggingListener - STARTING STEP Cuando diligencia el formulario ingresando campos erroneos "ddd", "1993/02/01", "2022-12-01", 5"
[Test worker] WARN net.thucydides.core.steps.BaseStepListener - stepFinished: current outcome:Diligenciamiento del formulario con valores erroneos:Example: {computadorFallido="", ingresoFallido="2022-01-01", vencimientoFallido="2022-12-01", companiaFallido=5} [Dado que el usuario ingresa a la pagina para agregar un pc [Abrir url], Cuando diligencia el formulario ingresando campos erroneos "", "2022-01-01", "2022-12-01", 5", Entonces no permite registrar porque son valores erroneos], Example: {computadorFallido="ddd", ingresoFallido="1993/02/01", vencimientoFallido="2022-12-01", companiaFallido=5} [Dado que el usuario ingresa a la pagina para agregar un pc [Abrir url], Cuando diligencia el formulario ingresando campos erroneos "ddd", "1993/02/01", "2022-12-01", 5"]
[Test worker] INFO net.thucydides.core.steps.ConsoleLoggingListener - FINISHING STEP
[Test worker] WARN net.thucydides.core.steps.BaseStepListener - stepStarted: net.thucydides.core.steps.ExecutedStepDescription@50ccf43
[Test worker] INFO net.thucydides.core.steps.ConsoleLoggingListener - STARTING STEP Entonces no permite registrar porque son valores erroneos
[Test worker] WARN net.thucydides.core.steps.BaseStepListener - stepFinished: current outcome:Diligenciamiento del formulario con valores erroneos:Example: {computadorFallido="", ingresoFallido="2022-01-01", vencimientoFallido="2022-12-01", companiaFallido=5} [Dado que el usuario ingresa a la pagina para agregar un pc [Abrir url], Cuando diligencia el formulario ingresando campos erroneos "", "2022-01-01", "2022-12-01", 5", Entonces no permite registrar porque son valores erroneos], Example: {computadorFallido="ddd", ingresoFallido="1993/02/01", vencimientoFallido="2022-12-01", companiaFallido=5} [Dado que el usuario ingresa a la pagina para agregar un pc [Abrir url], Cuando diligencia el formulario ingresando campos erroneos "ddd", "1993/02/01", "2022-12-01", 5", Entonces no permite registrar porque son valores erroneos]
[Test worker] INFO net.thucydides.core.steps.ConsoleLoggingListener - FINISHING STEP
[Test worker] WARN net.thucydides.core.steps.BaseStepListener - stepFinished: current outcome:Diligenciamiento del formulario con valores erroneos:Example: {computadorFallido="", ingresoFallido="2022-01-01", vencimientoFallido="2022-12-01", companiaFallido=5} [Dado que el usuario ingresa a la pagina para agregar un pc [Abrir url], Cuando diligencia el formulario ingresando campos erroneos "", "2022-01-01", "2022-12-01", 5", Entonces no permite registrar porque son valores erroneos], Example: {computadorFallido="ddd", ingresoFallido="1993/02/01", vencimientoFallido="2022-12-01", companiaFallido=5} [Dado que el usuario ingresa a la pagina para agregar un pc [Abrir url], Cuando diligencia el formulario ingresando campos erroneos "ddd", "1993/02/01", "2022-12-01", 5", Entonces no permite registrar porque son valores erroneos]
[Test worker] INFO net.thucydides.core.steps.ConsoleLoggingListener - FINISHING STEP
[Test worker] WARN net.thucydides.core.steps.BaseStepListener - testFinished: Diligenciamiento del formulario con valores erroneos:Example: {computadorFallido="", ingresoFallido="2022-01-01", vencimientoFallido="2022-12-01", companiaFallido=5} [Dado que el usuario ingresa a la pagina para agregar un pc [Abrir url], Cuando diligencia el formulario ingresando campos erroneos "", "2022-01-01", "2022-12-01", 5", Entonces no permite registrar porque son valores erroneos], Example: {computadorFallido="ddd", ingresoFallido="1993/02/01", vencimientoFallido="2022-12-01", companiaFallido=5} [Dado que el usuario ingresa a la pagina para agregar un pc [Abrir url], Cuando diligencia el formulario ingresando campos erroneos "ddd", "1993/02/01", "2022-12-01", 5", Entonces no permite registrar porque son valores erroneos]
[Test worker] WARN net.thucydides.core.steps.BaseStepListener - TestOutcomes: [Diligenciamiento del formulario con valores erroneos:Example: {computadorFallido="", ingresoFallido="2022-01-01", vencimientoFallido="2022-12-01", companiaFallido=5} [Dado que el usuario ingresa a la pagina para agregar un pc [Abrir url], Cuando diligencia el formulario ingresando campos erroneos "", "2022-01-01", "2022-12-01", 5", Entonces no permite registrar porque son valores erroneos], Example: {computadorFallido="ddd", ingresoFallido="1993/02/01", vencimientoFallido="2022-12-01", companiaFallido=5} [Dado que el usuario ingresa a la pagina para agregar un pc [Abrir url], Cuando diligencia el formulario ingresando campos erroneos "ddd", "1993/02/01", "2022-12-01", 5", Entonces no permite registrar porque son valores erroneos]]
[Test worker] WARN net.thucydides.core.steps.BaseStepListener - Final testOutcomes: [Diligenciamiento del formulario con valores erroneos:Example: {computadorFallido="", ingresoFallido="2022-01-01", vencimientoFallido="2022-12-01", companiaFallido=5} [Dado que el usuario ingresa a la pagina para agregar un pc [Abrir url], Cuando diligencia el formulario ingresando campos erroneos "", "2022-01-01", "2022-12-01", 5", Entonces no permite registrar porque son valores erroneos], Example: {computadorFallido="ddd", ingresoFallido="1993/02/01", vencimientoFallido="2022-12-01", companiaFallido=5} [Dado que el usuario ingresa a la pagina para agregar un pc [Abrir url], Cuando diligencia el formulario ingresando campos erroneos "ddd", "1993/02/01", "2022-12-01", 5", Entonces no permite registrar porque son valores erroneos]]
[Test worker] INFO net.thucydides.core.steps.ConsoleLoggingListener - ?[92m
        __    _____ _____ ____ _____   ____   _    ____  ____  _____ ____  
  _     \ \  |_   _| ____/ ___|_   _| |  _ \ / \  / ___|/ ___|| ____|  _ \ 
 (_)_____| |   | | |  _| \___ \ | |   | |_) / _ \ \___ \\___ \|  _| | | | |
  _|_____| |   | | | |___ ___) || |   |  __/ ___ \ ___) |___) | |___| |_| |
 (_)     | |   |_| |_____|____/ |_|   |_| /_/   \_\____/|____/|_____|____/ 
        /_/                                                                

TEST PASSED: Diligenciamiento del formulario con valores erroneos
----------------------------------------------------------------------------?[0m
[Test worker] WARN net.thucydides.core.steps.BaseStepListener - stepStarted: net.thucydides.core.steps.ExecutedStepDescription@6b2dfee2
[Test worker] INFO net.thucydides.core.steps.ConsoleLoggingListener - STARTING STEP Dado que el usuario ingresa a la pagina para agregar un pc
[Test worker] WARN net.thucydides.core.steps.BaseStepListener - stepStarted: net.thucydides.core.steps.ExecutedStepDescription@1b8f49e4
[Test worker] INFO net.thucydides.core.steps.ConsoleLoggingListener - STARTING STEP Abrir url
feb 15, 2022 8:46:45 AM org.openqa.selenium.remote.DesiredCapabilities chrome
INFORMACIÓN: Using `new ChromeOptions()` is preferred to `DesiredCapabilities.chrome()`
[Test worker] INFO net.serenitybdd.core.webdriver.driverproviders.ProvideNewDriver - Instantiating driver
[Test worker] INFO net.serenitybdd.core.webdriver.driverproviders.ProvideNewDriver - Driver capabilities: Capabilities {acceptInsecureCerts: false, browserName: chrome, chrome.switches: --lang=es,, goog:chromeOptions: {args: [--lang=es], extensions: []}, loggingPrefs: org.openqa.selenium.logging..., platform: ANY, version: }
Starting ChromeDriver 97.0.4692.71 (adefa7837d02a07a604c1e6eff0b3a09422ab88d-refs/branch-heads/4692@{#1247}) on port 45432
Only local connections are allowed.
Please see https://chromedriver.chromium.org/security-considerations for suggestions on keeping ChromeDriver safe.
ChromeDriver was started successfully.
[1644932807.357][WARNING]: This version of ChromeDriver has not been tested with Chrome version 98.
feb 15, 2022 8:46:47 AM org.openqa.selenium.remote.ProtocolHandshake createSession
INFORMACIÓN: Detected dialect: W3C
[Test worker] WARN net.thucydides.core.steps.BaseStepListener - stepFinished: current outcome:Diligenciamiento del formulario con valores erroneos:Example: {computadorFallido="", ingresoFallido="2022-01-01", vencimientoFallido="2022-12-01", companiaFallido=5} [Dado que el usuario ingresa a la pagina para agregar un pc [Abrir url], Cuando diligencia el formulario ingresando campos erroneos "", "2022-01-01", "2022-12-01", 5", Entonces no permite registrar porque son valores erroneos], Example: {computadorFallido="ddd", ingresoFallido="1993/02/01", vencimientoFallido="2022-12-01", companiaFallido=5} [Dado que el usuario ingresa a la pagina para agregar un pc [Abrir url], Cuando diligencia el formulario ingresando campos erroneos "ddd", "1993/02/01", "2022-12-01", 5", Entonces no permite registrar porque son valores erroneos], Example: {computadorFallido="ddd", ingresoFallido="2022-02-01", vencimientoFallido="1993/02/01", companiaFallido=5} [Dado que el usuario ingresa a la pagina para agregar un pc [Abrir url]]
[Test worker] INFO net.thucydides.core.steps.ConsoleLoggingListener - FINISHING STEP
[Test worker] WARN net.thucydides.core.steps.BaseStepListener - stepFinished: current outcome:Diligenciamiento del formulario con valores erroneos:Example: {computadorFallido="", ingresoFallido="2022-01-01", vencimientoFallido="2022-12-01", companiaFallido=5} [Dado que el usuario ingresa a la pagina para agregar un pc [Abrir url], Cuando diligencia el formulario ingresando campos erroneos "", "2022-01-01", "2022-12-01", 5", Entonces no permite registrar porque son valores erroneos], Example: {computadorFallido="ddd", ingresoFallido="1993/02/01", vencimientoFallido="2022-12-01", companiaFallido=5} [Dado que el usuario ingresa a la pagina para agregar un pc [Abrir url], Cuando diligencia el formulario ingresando campos erroneos "ddd", "1993/02/01", "2022-12-01", 5", Entonces no permite registrar porque son valores erroneos], Example: {computadorFallido="ddd", ingresoFallido="2022-02-01", vencimientoFallido="1993/02/01", companiaFallido=5} [Dado que el usuario ingresa a la pagina para agregar un pc [Abrir url]]
[Test worker] INFO net.thucydides.core.steps.ConsoleLoggingListener - FINISHING STEP
[Test worker] WARN net.thucydides.core.steps.BaseStepListener - stepStarted: net.thucydides.core.steps.ExecutedStepDescription@6ba01bb
[Test worker] INFO net.thucydides.core.steps.ConsoleLoggingListener - STARTING STEP Cuando diligencia el formulario ingresando campos erroneos "ddd", "2022-02-01", "1993/02/01", 5"
[Test worker] WARN net.thucydides.core.steps.BaseStepListener - stepFinished: current outcome:Diligenciamiento del formulario con valores erroneos:Example: {computadorFallido="", ingresoFallido="2022-01-01", vencimientoFallido="2022-12-01", companiaFallido=5} [Dado que el usuario ingresa a la pagina para agregar un pc [Abrir url], Cuando diligencia el formulario ingresando campos erroneos "", "2022-01-01", "2022-12-01", 5", Entonces no permite registrar porque son valores erroneos], Example: {computadorFallido="ddd", ingresoFallido="1993/02/01", vencimientoFallido="2022-12-01", companiaFallido=5} [Dado que el usuario ingresa a la pagina para agregar un pc [Abrir url], Cuando diligencia el formulario ingresando campos erroneos "ddd", "1993/02/01", "2022-12-01", 5", Entonces no permite registrar porque son valores erroneos], Example: {computadorFallido="ddd", ingresoFallido="2022-02-01", vencimientoFallido="1993/02/01", companiaFallido=5} [Dado que el usuario ingresa a la pagina para agregar un pc [Abrir url], Cuando diligencia el formulario ingresando campos erroneos "ddd", "2022-02-01", "1993/02/01", 5"]
[Test worker] INFO net.thucydides.core.steps.ConsoleLoggingListener - FINISHING STEP
[Test worker] WARN net.thucydides.core.steps.BaseStepListener - stepStarted: net.thucydides.core.steps.ExecutedStepDescription@6018c1ea
[Test worker] INFO net.thucydides.core.steps.ConsoleLoggingListener - STARTING STEP Entonces no permite registrar porque son valores erroneos
[Test worker] WARN net.thucydides.core.steps.BaseStepListener - stepFinished: current outcome:Diligenciamiento del formulario con valores erroneos:Example: {computadorFallido="", ingresoFallido="2022-01-01", vencimientoFallido="2022-12-01", companiaFallido=5} [Dado que el usuario ingresa a la pagina para agregar un pc [Abrir url], Cuando diligencia el formulario ingresando campos erroneos "", "2022-01-01", "2022-12-01", 5", Entonces no permite registrar porque son valores erroneos], Example: {computadorFallido="ddd", ingresoFallido="1993/02/01", vencimientoFallido="2022-12-01", companiaFallido=5} [Dado que el usuario ingresa a la pagina para agregar un pc [Abrir url], Cuando diligencia el formulario ingresando campos erroneos "ddd", "1993/02/01", "2022-12-01", 5", Entonces no permite registrar porque son valores erroneos], Example: {computadorFallido="ddd", ingresoFallido="2022-02-01", vencimientoFallido="1993/02/01", companiaFallido=5} [Dado que el usuario ingresa a la pagina para agregar un pc [Abrir url], Cuando diligencia el formulario ingresando campos erroneos "ddd", "2022-02-01", "1993/02/01", 5", Entonces no permite registrar porque son valores erroneos]
[Test worker] INFO net.thucydides.core.steps.ConsoleLoggingListener - FINISHING STEP
[Test worker] WARN net.thucydides.core.steps.BaseStepListener - stepFinished: current outcome:Diligenciamiento del formulario con valores erroneos:Example: {computadorFallido="", ingresoFallido="2022-01-01", vencimientoFallido="2022-12-01", companiaFallido=5} [Dado que el usuario ingresa a la pagina para agregar un pc [Abrir url], Cuando diligencia el formulario ingresando campos erroneos "", "2022-01-01", "2022-12-01", 5", Entonces no permite registrar porque son valores erroneos], Example: {computadorFallido="ddd", ingresoFallido="1993/02/01", vencimientoFallido="2022-12-01", companiaFallido=5} [Dado que el usuario ingresa a la pagina para agregar un pc [Abrir url], Cuando diligencia el formulario ingresando campos erroneos "ddd", "1993/02/01", "2022-12-01", 5", Entonces no permite registrar porque son valores erroneos], Example: {computadorFallido="ddd", ingresoFallido="2022-02-01", vencimientoFallido="1993/02/01", companiaFallido=5} [Dado que el usuario ingresa a la pagina para agregar un pc [Abrir url], Cuando diligencia el formulario ingresando campos erroneos "ddd", "2022-02-01", "1993/02/01", 5", Entonces no permite registrar porque son valores erroneos]
[Test worker] INFO net.thucydides.core.steps.ConsoleLoggingListener - FINISHING STEP
[Test worker] WARN net.thucydides.core.steps.BaseStepListener - testFinished: Diligenciamiento del formulario con valores erroneos:Example: {computadorFallido="", ingresoFallido="2022-01-01", vencimientoFallido="2022-12-01", companiaFallido=5} [Dado que el usuario ingresa a la pagina para agregar un pc [Abrir url], Cuando diligencia el formulario ingresando campos erroneos "", "2022-01-01", "2022-12-01", 5", Entonces no permite registrar porque son valores erroneos], Example: {computadorFallido="ddd", ingresoFallido="1993/02/01", vencimientoFallido="2022-12-01", companiaFallido=5} [Dado que el usuario ingresa a la pagina para agregar un pc [Abrir url], Cuando diligencia el formulario ingresando campos erroneos "ddd", "1993/02/01", "2022-12-01", 5", Entonces no permite registrar porque son valores erroneos], Example: {computadorFallido="ddd", ingresoFallido="2022-02-01", vencimientoFallido="1993/02/01", companiaFallido=5} [Dado que el usuario ingresa a la pagina para agregar un pc [Abrir url], Cuando diligencia el formulario ingresando campos erroneos "ddd", "2022-02-01", "1993/02/01", 5", Entonces no permite registrar porque son valores erroneos]
[Test worker] WARN net.thucydides.core.steps.BaseStepListener - TestOutcomes: [Diligenciamiento del formulario con valores erroneos:Example: {computadorFallido="", ingresoFallido="2022-01-01", vencimientoFallido="2022-12-01", companiaFallido=5} [Dado que el usuario ingresa a la pagina para agregar un pc [Abrir url], Cuando diligencia el formulario ingresando campos erroneos "", "2022-01-01", "2022-12-01", 5", Entonces no permite registrar porque son valores erroneos], Example: {computadorFallido="ddd", ingresoFallido="1993/02/01", vencimientoFallido="2022-12-01", companiaFallido=5} [Dado que el usuario ingresa a la pagina para agregar un pc [Abrir url], Cuando diligencia el formulario ingresando campos erroneos "ddd", "1993/02/01", "2022-12-01", 5", Entonces no permite registrar porque son valores erroneos], Example: {computadorFallido="ddd", ingresoFallido="2022-02-01", vencimientoFallido="1993/02/01", companiaFallido=5} [Dado que el usuario ingresa a la pagina para agregar un pc [Abrir url], Cuando diligencia el formulario ingresando campos erroneos "ddd", "2022-02-01", "1993/02/01", 5", Entonces no permite registrar porque son valores erroneos]]
[Test worker] WARN net.thucydides.core.steps.BaseStepListener - Final testOutcomes: [Diligenciamiento del formulario con valores erroneos:Example: {computadorFallido="", ingresoFallido="2022-01-01", vencimientoFallido="2022-12-01", companiaFallido=5} [Dado que el usuario ingresa a la pagina para agregar un pc [Abrir url], Cuando diligencia el formulario ingresando campos erroneos "", "2022-01-01", "2022-12-01", 5", Entonces no permite registrar porque son valores erroneos], Example: {computadorFallido="ddd", ingresoFallido="1993/02/01", vencimientoFallido="2022-12-01", companiaFallido=5} [Dado que el usuario ingresa a la pagina para agregar un pc [Abrir url], Cuando diligencia el formulario ingresando campos erroneos "ddd", "1993/02/01", "2022-12-01", 5", Entonces no permite registrar porque son valores erroneos], Example: {computadorFallido="ddd", ingresoFallido="2022-02-01", vencimientoFallido="1993/02/01", companiaFallido=5} [Dado que el usuario ingresa a la pagina para agregar un pc [Abrir url], Cuando diligencia el formulario ingresando campos erroneos "ddd", "2022-02-01", "1993/02/01", 5", Entonces no permite registrar porque son valores erroneos]]
[Test worker] INFO net.thucydides.core.steps.ConsoleLoggingListener - ?[92m
        __    _____ _____ ____ _____   ____   _    ____  ____  _____ ____  
  _     \ \  |_   _| ____/ ___|_   _| |  _ \ / \  / ___|/ ___|| ____|  _ \ 
 (_)_____| |   | | |  _| \___ \ | |   | |_) / _ \ \___ \\___ \|  _| | | | |
  _|_____| |   | | | |___ ___) || |   |  __/ ___ \ ___) |___) | |___| |_| |
 (_)     | |   |_| |_____|____/ |_|   |_| /_/   \_\____/|____/|_____|____/ 
        /_/                                                                

TEST PASSED: Diligenciamiento del formulario con valores erroneos
----------------------------------------------------------------------------?[0m
]]></system-err>
</testsuite>
